{"C:\\Users\\Alexa\\Desktop\\Coding-Projekte\\open-flight-hub\\mode-s-adsb-parser\\src\\adsb\\parse.ts": {"path":"C:\\Users\\Alexa\\Desktop\\Coding-Projekte\\open-flight-hub\\mode-s-adsb-parser\\src\\adsb\\parse.ts","statementMap":{"0":{"start":{"line":120,"column":0},"end":{"line":120,"column":16}},"1":{"start":{"line":3,"column":0},"end":{"line":3,"column":163}},"2":{"start":{"line":4,"column":0},"end":{"line":4,"column":50}},"3":{"start":{"line":5,"column":0},"end":{"line":5,"column":71}},"4":{"start":{"line":122,"column":22},"end":{"line":122,"column":49}},"5":{"start":{"line":124,"column":26},"end":{"line":130,"column":7}},"6":{"start":{"line":132,"column":21},"end":{"line":132,"column":110}},"7":{"start":{"line":134,"column":4},"end":{"line":446,"column":5}},"8":{"start":{"line":137,"column":48},"end":{"line":143,"column":11}},"9":{"start":{"line":145,"column":33},"end":{"line":145,"column":140}},"10":{"start":{"line":147,"column":74},"end":{"line":151,"column":null}},"11":{"start":{"line":153,"column":8},"end":{"line":153,"column":null}},"12":{"start":{"line":155,"column":11},"end":{"line":446,"column":5}},"13":{"start":{"line":158,"column":38},"end":{"line":179,"column":11}},"14":{"start":{"line":182,"column":23},"end":{"line":182,"column":126}},"15":{"start":{"line":183,"column":18},"end":{"line":183,"column":53}},"16":{"start":{"line":185,"column":37},"end":{"line":185,"column":91}},"17":{"start":{"line":187,"column":56},"end":{"line":212,"column":null}},"18":{"start":{"line":214,"column":8},"end":{"line":214,"column":null}},"19":{"start":{"line":216,"column":11},"end":{"line":446,"column":5}},"20":{"start":{"line":219,"column":39},"end":{"line":240,"column":11}},"21":{"start":{"line":242,"column":63},"end":{"line":276,"column":null}},"22":{"start":{"line":279,"column":8},"end":{"line":313,"column":9}},"23":{"start":{"line":282,"column":27},"end":{"line":291,"column":15}},"24":{"start":{"line":293,"column":25},"end":{"line":293,"column":51}},"25":{"start":{"line":295,"column":25},"end":{"line":295,"column":157}},"26":{"start":{"line":297,"column":45},"end":{"line":297,"column":101}},"27":{"start":{"line":299,"column":24},"end":{"line":301,"column":14}},"28":{"start":{"line":303,"column":12},"end":{"line":303,"column":null}},"29":{"start":{"line":306,"column":41},"end":{"line":306,"column":168}},"30":{"start":{"line":308,"column":24},"end":{"line":310,"column":14}},"31":{"start":{"line":312,"column":12},"end":{"line":312,"column":null}},"32":{"start":{"line":316,"column":11},"end":{"line":446,"column":5}},"33":{"start":{"line":320,"column":11},"end":{"line":446,"column":5}},"34":{"start":{"line":324,"column":11},"end":{"line":446,"column":5}},"35":{"start":{"line":328,"column":11},"end":{"line":446,"column":5}},"36":{"start":{"line":331,"column":38},"end":{"line":346,"column":11}},"37":{"start":{"line":348,"column":28},"end":{"line":348,"column":126}},"38":{"start":{"line":350,"column":8},"end":{"line":442,"column":9}},"39":{"start":{"line":351,"column":12},"end":{"line":351,"column":null}},"40":{"start":{"line":352,"column":15},"end":{"line":442,"column":9}},"41":{"start":{"line":354,"column":45},"end":{"line":387,"column":15}},"42":{"start":{"line":389,"column":28},"end":{"line":392,"column":14}},"43":{"start":{"line":394,"column":69},"end":{"line":408,"column":null}},"44":{"start":{"line":410,"column":12},"end":{"line":438,"column":13}},"45":{"start":{"line":412,"column":16},"end":{"line":418,"column":null}},"46":{"start":{"line":420,"column":19},"end":{"line":438,"column":13}},"47":{"start":{"line":422,"column":51},"end":{"line":428,"column":19}},"48":{"start":{"line":430,"column":16},"end":{"line":437,"column":null}},"49":{"start":{"line":440,"column":15},"end":{"line":442,"column":9}},"50":{"start":{"line":445,"column":8},"end":{"line":445,"column":null}},"51":{"start":{"line":459,"column":90},"end":{"line":489,"column":6}},"52":{"start":{"line":491,"column":16},"end":{"line":495,"column":null}},"53":{"start":{"line":497,"column":4},"end":{"line":516,"column":5}},"54":{"start":{"line":498,"column":8},"end":{"line":498,"column":null}},"55":{"start":{"line":499,"column":11},"end":{"line":516,"column":5}},"56":{"start":{"line":500,"column":8},"end":{"line":500,"column":null}},"57":{"start":{"line":501,"column":11},"end":{"line":516,"column":5}},"58":{"start":{"line":502,"column":8},"end":{"line":502,"column":null}},"59":{"start":{"line":503,"column":8},"end":{"line":503,"column":null}},"60":{"start":{"line":504,"column":11},"end":{"line":516,"column":5}},"61":{"start":{"line":505,"column":8},"end":{"line":505,"column":null}},"62":{"start":{"line":507,"column":29},"end":{"line":509,"column":10}},"63":{"start":{"line":508,"column":12},"end":{"line":508,"column":null}},"64":{"start":{"line":511,"column":8},"end":{"line":513,"column":9}},"65":{"start":{"line":512,"column":12},"end":{"line":512,"column":null}},"66":{"start":{"line":515,"column":8},"end":{"line":515,"column":null}},"67":{"start":{"line":518,"column":4},"end":{"line":518,"column":null}},"68":{"start":{"line":522,"column":4},"end":{"line":524,"column":5}},"69":{"start":{"line":523,"column":8},"end":{"line":523,"column":null}},"70":{"start":{"line":526,"column":22},"end":{"line":526,"column":30}},"71":{"start":{"line":528,"column":4},"end":{"line":530,"column":5}},"72":{"start":{"line":529,"column":8},"end":{"line":529,"column":null}},"73":{"start":{"line":532,"column":4},"end":{"line":532,"column":null}},"74":{"start":{"line":542,"column":19},"end":{"line":566,"column":7}},"75":{"start":{"line":568,"column":26},"end":{"line":568,"column":28}},"76":{"start":{"line":570,"column":4},"end":{"line":578,"column":5}},"77":{"start":{"line":570,"column":16},"end":{"line":570,"column":17}},"78":{"start":{"line":571,"column":35},"end":{"line":574,"column":30}},"79":{"start":{"line":576,"column":21},"end":{"line":576,"column":114}},"80":{"start":{"line":577,"column":8},"end":{"line":577,"column":null}},"81":{"start":{"line":580,"column":4},"end":{"line":580,"column":null}}},"fnMap":{"0":{"name":"parseADSB","decl":{"start":{"line":120,"column":16},"end":{"line":120,"column":25}},"loc":{"start":{"line":120,"column":39},"end":{"line":448,"column":1}}},"1":{"name":"convertQuantizedGroundSpeed","decl":{"start":{"line":455,"column":9},"end":{"line":455,"column":36}},"loc":{"start":{"line":455,"column":69},"end":{"line":519,"column":1}}},"2":{"name":"(anonymous_2)","decl":{"start":{"line":507,"column":48},"end":{"line":507,"column":49}},"loc":{"start":{"line":507,"column":52},"end":{"line":509,"column":9}}},"3":{"name":"convertIntegerTo","decl":{"start":{"line":521,"column":9},"end":{"line":521,"column":25}},"loc":{"start":{"line":521,"column":106},"end":{"line":533,"column":1}}},"4":{"name":"parseCallsignBytes","decl":{"start":{"line":539,"column":9},"end":{"line":539,"column":27}},"loc":{"start":{"line":539,"column":45},"end":{"line":581,"column":1}}}},"branchMap":{"0":{"loc":{"start":{"line":134,"column":4},"end":{"line":446,"column":5}},"type":"if","locations":[{"start":{"line":134,"column":4},"end":{"line":446,"column":5}},{"start":{"line":155,"column":11},"end":{"line":446,"column":5}}]},"1":{"loc":{"start":{"line":134,"column":7},"end":{"line":134,"column":37}},"type":"binary-expr","locations":[{"start":{"line":134,"column":7},"end":{"line":134,"column":20}},{"start":{"line":134,"column":24},"end":{"line":134,"column":37}}]},"2":{"loc":{"start":{"line":155,"column":11},"end":{"line":446,"column":5}},"type":"if","locations":[{"start":{"line":155,"column":11},"end":{"line":446,"column":5}},{"start":{"line":216,"column":11},"end":{"line":446,"column":5}}]},"3":{"loc":{"start":{"line":155,"column":14},"end":{"line":155,"column":44}},"type":"binary-expr","locations":[{"start":{"line":155,"column":14},"end":{"line":155,"column":27}},{"start":{"line":155,"column":31},"end":{"line":155,"column":44}}]},"4":{"loc":{"start":{"line":193,"column":25},"end":{"line":193,"column":167}},"type":"cond-expr","locations":[{"start":{"line":193,"column":48},"end":{"line":193,"column":163}},{"start":{"line":193,"column":166},"end":{"line":193,"column":167}}]},"5":{"loc":{"start":{"line":216,"column":11},"end":{"line":446,"column":5}},"type":"if","locations":[{"start":{"line":216,"column":11},"end":{"line":446,"column":5}},{"start":{"line":316,"column":11},"end":{"line":446,"column":5}}]},"6":{"loc":{"start":{"line":216,"column":14},"end":{"line":216,"column":85}},"type":"binary-expr","locations":[{"start":{"line":216,"column":15},"end":{"line":216,"column":28}},{"start":{"line":216,"column":32},"end":{"line":216,"column":46}},{"start":{"line":216,"column":52},"end":{"line":216,"column":66}},{"start":{"line":216,"column":70},"end":{"line":216,"column":84}}]},"7":{"loc":{"start":{"line":279,"column":8},"end":{"line":313,"column":9}},"type":"if","locations":[{"start":{"line":279,"column":8},"end":{"line":313,"column":9}},{"start":{"line":304,"column":15},"end":{"line":313,"column":9}}]},"8":{"loc":{"start":{"line":297,"column":45},"end":{"line":297,"column":101}},"type":"cond-expr","locations":[{"start":{"line":297,"column":53},"end":{"line":297,"column":69}},{"start":{"line":297,"column":74},"end":{"line":297,"column":100}}]},"9":{"loc":{"start":{"line":316,"column":11},"end":{"line":446,"column":5}},"type":"if","locations":[{"start":{"line":316,"column":11},"end":{"line":446,"column":5}},{"start":{"line":320,"column":11},"end":{"line":446,"column":5}}]},"10":{"loc":{"start":{"line":320,"column":11},"end":{"line":446,"column":5}},"type":"if","locations":[{"start":{"line":320,"column":11},"end":{"line":446,"column":5}},{"start":{"line":324,"column":11},"end":{"line":446,"column":5}}]},"11":{"loc":{"start":{"line":324,"column":11},"end":{"line":446,"column":5}},"type":"if","locations":[{"start":{"line":324,"column":11},"end":{"line":446,"column":5}},{"start":{"line":328,"column":11},"end":{"line":446,"column":5}}]},"12":{"loc":{"start":{"line":328,"column":11},"end":{"line":446,"column":5}},"type":"if","locations":[{"start":{"line":328,"column":11},"end":{"line":446,"column":5}},{"start":{"line":444,"column":11},"end":{"line":446,"column":5}}]},"13":{"loc":{"start":{"line":350,"column":8},"end":{"line":442,"column":9}},"type":"if","locations":[{"start":{"line":350,"column":8},"end":{"line":442,"column":9}},{"start":{"line":352,"column":15},"end":{"line":442,"column":9}}]},"14":{"loc":{"start":{"line":352,"column":15},"end":{"line":442,"column":9}},"type":"if","locations":[{"start":{"line":352,"column":15},"end":{"line":442,"column":9}},{"start":{"line":440,"column":15},"end":{"line":442,"column":9}}]},"15":{"loc":{"start":{"line":410,"column":12},"end":{"line":438,"column":13}},"type":"if","locations":[{"start":{"line":410,"column":12},"end":{"line":438,"column":13}},{"start":{"line":420,"column":19},"end":{"line":438,"column":13}}]},"16":{"loc":{"start":{"line":420,"column":19},"end":{"line":438,"column":13}},"type":"if","locations":[{"start":{"line":420,"column":19},"end":{"line":438,"column":13}}]},"17":{"loc":{"start":{"line":440,"column":15},"end":{"line":442,"column":9}},"type":"if","locations":[{"start":{"line":440,"column":15},"end":{"line":442,"column":9}}]},"18":{"loc":{"start":{"line":497,"column":4},"end":{"line":516,"column":5}},"type":"if","locations":[{"start":{"line":497,"column":4},"end":{"line":516,"column":5}},{"start":{"line":499,"column":11},"end":{"line":516,"column":5}}]},"19":{"loc":{"start":{"line":499,"column":11},"end":{"line":516,"column":5}},"type":"if","locations":[{"start":{"line":499,"column":11},"end":{"line":516,"column":5}},{"start":{"line":501,"column":11},"end":{"line":516,"column":5}}]},"20":{"loc":{"start":{"line":501,"column":11},"end":{"line":516,"column":5}},"type":"if","locations":[{"start":{"line":501,"column":11},"end":{"line":516,"column":5}},{"start":{"line":504,"column":11},"end":{"line":516,"column":5}}]},"21":{"loc":{"start":{"line":504,"column":11},"end":{"line":516,"column":5}},"type":"if","locations":[{"start":{"line":504,"column":11},"end":{"line":516,"column":5}},{"start":{"line":506,"column":11},"end":{"line":516,"column":5}}]},"22":{"loc":{"start":{"line":508,"column":19},"end":{"line":508,"column":51}},"type":"binary-expr","locations":[{"start":{"line":508,"column":19},"end":{"line":508,"column":34}},{"start":{"line":508,"column":38},"end":{"line":508,"column":51}}]},"23":{"loc":{"start":{"line":511,"column":8},"end":{"line":513,"column":9}},"type":"if","locations":[{"start":{"line":511,"column":8},"end":{"line":513,"column":9}}]},"24":{"loc":{"start":{"line":522,"column":4},"end":{"line":524,"column":5}},"type":"if","locations":[{"start":{"line":522,"column":4},"end":{"line":524,"column":5}}]},"25":{"loc":{"start":{"line":522,"column":7},"end":{"line":522,"column":96}},"type":"binary-expr","locations":[{"start":{"line":522,"column":7},"end":{"line":522,"column":36}},{"start":{"line":522,"column":40},"end":{"line":522,"column":69}},{"start":{"line":522,"column":73},"end":{"line":522,"column":96}}]},"26":{"loc":{"start":{"line":528,"column":4},"end":{"line":530,"column":5}},"type":"if","locations":[{"start":{"line":528,"column":4},"end":{"line":530,"column":5}}]},"27":{"loc":{"start":{"line":529,"column":34},"end":{"line":529,"column":68}},"type":"cond-expr","locations":[{"start":{"line":529,"column":47},"end":{"line":529,"column":63}},{"start":{"line":529,"column":66},"end":{"line":529,"column":68}}]}},"s":{"0":1,"1":1,"2":1,"3":1,"4":1,"5":1,"6":1,"7":1,"8":0,"9":0,"10":0,"11":0,"12":1,"13":0,"14":0,"15":0,"16":0,"17":0,"18":0,"19":1,"20":1,"21":1,"22":0,"23":0,"24":0,"25":0,"26":0,"27":0,"28":0,"29":0,"30":0,"31":0,"32":0,"33":0,"34":0,"35":0,"36":0,"37":0,"38":0,"39":0,"40":0,"41":0,"42":0,"43":0,"44":0,"45":0,"46":0,"47":0,"48":0,"49":0,"50":0,"51":0,"52":0,"53":0,"54":0,"55":0,"56":0,"57":0,"58":0,"59":0,"60":0,"61":0,"62":0,"63":0,"64":0,"65":0,"66":0,"67":0,"68":1,"69":0,"70":1,"71":1,"72":1,"73":0,"74":0,"75":0,"76":0,"77":0,"78":0,"79":0,"80":0,"81":0},"f":{"0":1,"1":0,"2":0,"3":1,"4":0},"b":{"0":[0,1],"1":[1,1],"2":[0,1],"3":[1,1],"4":[0,0],"5":[1,0],"6":[1,1,0,0],"7":[0,0],"8":[0,0],"9":[0,0],"10":[0,0],"11":[0,0],"12":[0,0],"13":[0,0],"14":[0,0],"15":[0,0],"16":[0],"17":[0],"18":[0,0],"19":[0,0],"20":[0,0],"21":[0,0],"22":[0,0],"23":[0],"24":[0],"25":[1,1,1],"26":[1],"27":[1,0]}}
,"C:\\Users\\Alexa\\Desktop\\Coding-Projekte\\open-flight-hub\\mode-s-adsb-parser\\src\\mode-s\\parse.ts": {"path":"C:\\Users\\Alexa\\Desktop\\Coding-Projekte\\open-flight-hub\\mode-s-adsb-parser\\src\\mode-s\\parse.ts","statementMap":{"0":{"start":{"line":21,"column":0},"end":{"line":21,"column":16}},"1":{"start":{"line":3,"column":0},"end":{"line":3,"column":185}},"2":{"start":{"line":25,"column":17},"end":{"line":25,"column":44}},"3":{"start":{"line":27,"column":19},"end":{"line":39,"column":7}},"4":{"start":{"line":41,"column":37},"end":{"line":49,"column":null}},"5":{"start":{"line":51,"column":4},"end":{"line":51,"column":null}}},"fnMap":{"0":{"name":"parseModeS","decl":{"start":{"line":21,"column":16},"end":{"line":21,"column":26}},"loc":{"start":{"line":21,"column":40},"end":{"line":52,"column":1}}}},"branchMap":{},"s":{"0":1,"1":1,"2":1,"3":1,"4":1,"5":1},"f":{"0":1},"b":{}}
,"C:\\Users\\Alexa\\Desktop\\Coding-Projekte\\open-flight-hub\\mode-s-adsb-parser\\src\\util\\bits_and_bytes.ts": {"path":"C:\\Users\\Alexa\\Desktop\\Coding-Projekte\\open-flight-hub\\mode-s-adsb-parser\\src\\util\\bits_and_bytes.ts","statementMap":{"0":{"start":{"line":17,"column":0},"end":{"line":17,"column":16}},"1":{"start":{"line":61,"column":0},"end":{"line":61,"column":16}},"2":{"start":{"line":75,"column":0},"end":{"line":75,"column":16}},"3":{"start":{"line":83,"column":0},"end":{"line":83,"column":16}},"4":{"start":{"line":99,"column":0},"end":{"line":99,"column":16}},"5":{"start":{"line":123,"column":0},"end":{"line":123,"column":16}},"6":{"start":{"line":139,"column":0},"end":{"line":139,"column":16}},"7":{"start":{"line":161,"column":0},"end":{"line":161,"column":16}},"8":{"start":{"line":174,"column":0},"end":{"line":174,"column":16}},"9":{"start":{"line":19,"column":36},"end":{"line":19,"column":57}},"10":{"start":{"line":21,"column":23},"end":{"line":21,"column":24}},"11":{"start":{"line":23,"column":4},"end":{"line":27,"column":5}},"12":{"start":{"line":24,"column":8},"end":{"line":26,"column":9}},"13":{"start":{"line":25,"column":12},"end":{"line":25,"column":null}},"14":{"start":{"line":29,"column":37},"end":{"line":29,"column":132}},"15":{"start":{"line":29,"column":66},"end":{"line":29,"column":72}},"16":{"start":{"line":29,"column":86},"end":{"line":29,"column":92}},"17":{"start":{"line":29,"column":114},"end":{"line":29,"column":131}},"18":{"start":{"line":31,"column":4},"end":{"line":33,"column":5}},"19":{"start":{"line":32,"column":8},"end":{"line":32,"column":null}},"20":{"start":{"line":35,"column":4},"end":{"line":52,"column":5}},"21":{"start":{"line":35,"column":16},"end":{"line":35,"column":17}},"22":{"start":{"line":36,"column":20},"end":{"line":36,"column":42}},"23":{"start":{"line":38,"column":24},"end":{"line":38,"column":47}},"24":{"start":{"line":40,"column":8},"end":{"line":46,"column":9}},"25":{"start":{"line":41,"column":12},"end":{"line":43,"column":13}},"26":{"start":{"line":42,"column":16},"end":{"line":42,"column":null}},"27":{"start":{"line":45,"column":12},"end":{"line":45,"column":null}},"28":{"start":{"line":48,"column":21},"end":{"line":48,"column":61}},"29":{"start":{"line":50,"column":8},"end":{"line":50,"column":null}},"30":{"start":{"line":51,"column":8},"end":{"line":51,"column":null}},"31":{"start":{"line":54,"column":4},"end":{"line":54,"column":null}},"32":{"start":{"line":62,"column":14},"end":{"line":62,"column":16}},"33":{"start":{"line":64,"column":4},"end":{"line":66,"column":null}},"34":{"start":{"line":65,"column":8},"end":{"line":65,"column":null}},"35":{"start":{"line":68,"column":4},"end":{"line":68,"column":null}},"36":{"start":{"line":76,"column":4},"end":{"line":76,"column":null}},"37":{"start":{"line":84,"column":14},"end":{"line":84,"column":40}},"38":{"start":{"line":86,"column":4},"end":{"line":88,"column":5}},"39":{"start":{"line":87,"column":8},"end":{"line":87,"column":null}},"40":{"start":{"line":90,"column":4},"end":{"line":90,"column":null}},"41":{"start":{"line":100,"column":4},"end":{"line":102,"column":5}},"42":{"start":{"line":101,"column":8},"end":{"line":101,"column":null}},"43":{"start":{"line":104,"column":19},"end":{"line":104,"column":50}},"44":{"start":{"line":106,"column":16},"end":{"line":106,"column":42}},"45":{"start":{"line":108,"column":4},"end":{"line":114,"column":5}},"46":{"start":{"line":109,"column":21},"end":{"line":109,"column":57}},"47":{"start":{"line":111,"column":8},"end":{"line":111,"column":null}},"48":{"start":{"line":113,"column":8},"end":{"line":113,"column":null}},"49":{"start":{"line":125,"column":17},"end":{"line":125,"column":54}},"50":{"start":{"line":127,"column":4},"end":{"line":129,"column":5}},"51":{"start":{"line":128,"column":8},"end":{"line":128,"column":null}},"52":{"start":{"line":131,"column":4},"end":{"line":131,"column":null}},"53":{"start":{"line":150,"column":17},"end":{"line":150,"column":100}},"54":{"start":{"line":152,"column":4},"end":{"line":152,"column":null}},"55":{"start":{"line":163,"column":17},"end":{"line":163,"column":54}},"56":{"start":{"line":165,"column":4},"end":{"line":169,"column":5}},"57":{"start":{"line":166,"column":8},"end":{"line":168,"column":9}},"58":{"start":{"line":167,"column":12},"end":{"line":167,"column":null}},"59":{"start":{"line":171,"column":4},"end":{"line":171,"column":null}},"60":{"start":{"line":175,"column":4},"end":{"line":177,"column":5}},"61":{"start":{"line":176,"column":8},"end":{"line":176,"column":null}},"62":{"start":{"line":179,"column":26},"end":{"line":179,"column":28}},"63":{"start":{"line":181,"column":4},"end":{"line":183,"column":5}},"64":{"start":{"line":181,"column":16},"end":{"line":181,"column":17}},"65":{"start":{"line":182,"column":8},"end":{"line":182,"column":null}},"66":{"start":{"line":185,"column":4},"end":{"line":185,"column":null}}},"fnMap":{"0":{"name":"parseBitStructure","decl":{"start":{"line":17,"column":16},"end":{"line":17,"column":33}},"loc":{"start":{"line":17,"column":163},"end":{"line":55,"column":1}}},"1":{"name":"(anonymous_1)","decl":{"start":{"line":29,"column":61},"end":{"line":29,"column":62}},"loc":{"start":{"line":29,"column":66},"end":{"line":29,"column":72}}},"2":{"name":"(anonymous_2)","decl":{"start":{"line":29,"column":81},"end":{"line":29,"column":82}},"loc":{"start":{"line":29,"column":86},"end":{"line":29,"column":92}}},"3":{"name":"(anonymous_3)","decl":{"start":{"line":29,"column":101},"end":{"line":29,"column":102}},"loc":{"start":{"line":29,"column":114},"end":{"line":29,"column":131}}},"4":{"name":"bytesToFullBitString","decl":{"start":{"line":61,"column":16},"end":{"line":61,"column":36}},"loc":{"start":{"line":61,"column":50},"end":{"line":69,"column":1}}},"5":{"name":"(anonymous_5)","decl":{"start":{"line":64,"column":18},"end":{"line":64,"column":22}},"loc":{"start":{"line":64,"column":25},"end":{"line":66,"column":5}}},"6":{"name":"byteToShortBitString","decl":{"start":{"line":75,"column":16},"end":{"line":75,"column":36}},"loc":{"start":{"line":75,"column":47},"end":{"line":77,"column":1}}},"7":{"name":"byteToFullBitString","decl":{"start":{"line":83,"column":16},"end":{"line":83,"column":35}},"loc":{"start":{"line":83,"column":46},"end":{"line":91,"column":1}}},"8":{"name":"bitStringToUnsignedInteger","decl":{"start":{"line":99,"column":16},"end":{"line":99,"column":42}},"loc":{"start":{"line":99,"column":78},"end":{"line":115,"column":1}}},"9":{"name":"bitStringToUnsignedIntegerSafe","decl":{"start":{"line":123,"column":16},"end":{"line":123,"column":46}},"loc":{"start":{"line":123,"column":123},"end":{"line":132,"column":1}}},"10":{"name":"bitStringToUnsignedIntegerSafeRangeFromBits","decl":{"start":{"line":139,"column":16},"end":{"line":139,"column":59}},"loc":{"start":{"line":148,"column":59},"end":{"line":153,"column":1}}},"11":{"name":"bitStringToUnsignedIntegerSafeRanges","decl":{"start":{"line":161,"column":16},"end":{"line":161,"column":52}},"loc":{"start":{"line":161,"column":126},"end":{"line":172,"column":1}}},"12":{"name":"bitStringToFullBytes","decl":{"start":{"line":174,"column":16},"end":{"line":174,"column":36}},"loc":{"start":{"line":174,"column":54},"end":{"line":186,"column":1}}}},"branchMap":{"0":{"loc":{"start":{"line":24,"column":8},"end":{"line":26,"column":9}},"type":"if","locations":[{"start":{"line":24,"column":8},"end":{"line":26,"column":9}}]},"1":{"loc":{"start":{"line":24,"column":11},"end":{"line":24,"column":42}},"type":"binary-expr","locations":[{"start":{"line":24,"column":11},"end":{"line":24,"column":24}},{"start":{"line":24,"column":28},"end":{"line":24,"column":42}}]},"2":{"loc":{"start":{"line":29,"column":115},"end":{"line":29,"column":124}},"type":"binary-expr","locations":[{"start":{"line":29,"column":115},"end":{"line":29,"column":119}},{"start":{"line":29,"column":123},"end":{"line":29,"column":124}}]},"3":{"loc":{"start":{"line":31,"column":4},"end":{"line":33,"column":5}},"type":"if","locations":[{"start":{"line":31,"column":4},"end":{"line":33,"column":5}}]},"4":{"loc":{"start":{"line":40,"column":8},"end":{"line":46,"column":9}},"type":"if","locations":[{"start":{"line":40,"column":8},"end":{"line":46,"column":9}}]},"5":{"loc":{"start":{"line":41,"column":12},"end":{"line":43,"column":13}},"type":"if","locations":[{"start":{"line":41,"column":12},"end":{"line":43,"column":13}}]},"6":{"loc":{"start":{"line":100,"column":4},"end":{"line":102,"column":5}},"type":"if","locations":[{"start":{"line":100,"column":4},"end":{"line":102,"column":5}}]},"7":{"loc":{"start":{"line":104,"column":34},"end":{"line":104,"column":48}},"type":"binary-expr","locations":[{"start":{"line":104,"column":34},"end":{"line":104,"column":43}},{"start":{"line":104,"column":47},"end":{"line":104,"column":48}}]},"8":{"loc":{"start":{"line":108,"column":4},"end":{"line":114,"column":5}},"type":"if","locations":[{"start":{"line":108,"column":4},"end":{"line":114,"column":5}},{"start":{"line":112,"column":11},"end":{"line":114,"column":5}}]},"9":{"loc":{"start":{"line":108,"column":7},"end":{"line":108,"column":69}},"type":"binary-expr","locations":[{"start":{"line":108,"column":7},"end":{"line":108,"column":36}},{"start":{"line":108,"column":40},"end":{"line":108,"column":69}}]},"10":{"loc":{"start":{"line":127,"column":4},"end":{"line":129,"column":5}},"type":"if","locations":[{"start":{"line":127,"column":4},"end":{"line":129,"column":5}}]},"11":{"loc":{"start":{"line":128,"column":75},"end":{"line":128,"column":122}},"type":"cond-expr","locations":[{"start":{"line":128,"column":88},"end":{"line":128,"column":117}},{"start":{"line":128,"column":120},"end":{"line":128,"column":122}}]},"12":{"loc":{"start":{"line":166,"column":8},"end":{"line":168,"column":9}},"type":"if","locations":[{"start":{"line":166,"column":8},"end":{"line":168,"column":9}}]},"13":{"loc":{"start":{"line":166,"column":11},"end":{"line":166,"column":47}},"type":"binary-expr","locations":[{"start":{"line":166,"column":11},"end":{"line":166,"column":27}},{"start":{"line":166,"column":31},"end":{"line":166,"column":47}}]},"14":{"loc":{"start":{"line":171,"column":71},"end":{"line":171,"column":118}},"type":"cond-expr","locations":[{"start":{"line":171,"column":84},"end":{"line":171,"column":113}},{"start":{"line":171,"column":116},"end":{"line":171,"column":118}}]},"15":{"loc":{"start":{"line":175,"column":4},"end":{"line":177,"column":5}},"type":"if","locations":[{"start":{"line":175,"column":4},"end":{"line":177,"column":5}}]}},"s":{"0":4,"1":4,"2":4,"3":4,"4":4,"5":4,"6":4,"7":4,"8":4,"9":4,"10":4,"11":4,"12":15,"13":0,"14":4,"15":15,"16":15,"17":9,"18":4,"19":0,"20":4,"21":4,"22":15,"23":15,"24":15,"25":2,"26":0,"27":2,"28":15,"29":15,"30":15,"31":4,"32":4,"33":4,"34":19,"35":4,"36":23,"37":21,"38":21,"39":78,"40":21,"41":40,"42":0,"43":40,"44":39,"45":39,"46":39,"47":39,"48":0,"49":3,"50":3,"51":1,"52":2,"53":26,"54":25,"55":30,"56":30,"57":30,"58":28,"59":2,"60":5,"61":1,"62":4,"63":4,"64":4,"65":19,"66":4},"f":{"0":4,"1":15,"2":15,"3":9,"4":4,"5":19,"6":23,"7":21,"8":40,"9":3,"10":26,"11":30,"12":5},"b":{"0":[0],"1":[15,15],"2":[9,0],"3":[0],"4":[2],"5":[0],"6":[0],"7":[40,0],"8":[39,0],"9":[39,39],"10":[1],"11":[0,1],"12":[28],"13":[30,29],"14":[0,2],"15":[1]}}
,"C:\\Users\\Alexa\\Desktop\\Coding-Projekte\\open-flight-hub\\mode-s-adsb-parser\\src\\util\\gray_code.ts": {"path":"C:\\Users\\Alexa\\Desktop\\Coding-Projekte\\open-flight-hub\\mode-s-adsb-parser\\src\\util\\gray_code.ts","statementMap":{"0":{"start":{"line":3,"column":0},"end":{"line":3,"column":16}},"1":{"start":{"line":7,"column":0},"end":{"line":7,"column":16}},"2":{"start":{"line":4,"column":4},"end":{"line":4,"column":null}},"3":{"start":{"line":8,"column":17},"end":{"line":8,"column":30}},"4":{"start":{"line":10,"column":4},"end":{"line":12,"column":5}},"5":{"start":{"line":11,"column":8},"end":{"line":11,"column":null}},"6":{"start":{"line":14,"column":4},"end":{"line":14,"column":null}}},"fnMap":{"0":{"name":"encodeGrayCode","decl":{"start":{"line":3,"column":16},"end":{"line":3,"column":30}},"loc":{"start":{"line":3,"column":38},"end":{"line":5,"column":1}}},"1":{"name":"decodeGrayCode","decl":{"start":{"line":7,"column":16},"end":{"line":7,"column":30}},"loc":{"start":{"line":7,"column":45},"end":{"line":15,"column":1}}}},"branchMap":{},"s":{"0":1,"1":1,"2":0,"3":0,"4":0,"5":0,"6":0},"f":{"0":0,"1":0},"b":{}}
,"C:\\Users\\Alexa\\Desktop\\Coding-Projekte\\open-flight-hub\\mode-s-adsb-parser\\src\\util\\test_helpers.ts": {"path":"C:\\Users\\Alexa\\Desktop\\Coding-Projekte\\open-flight-hub\\mode-s-adsb-parser\\src\\util\\test_helpers.ts","statementMap":{"0":{"start":{"line":7,"column":0},"end":{"line":7,"column":16}},"1":{"start":{"line":21,"column":0},"end":{"line":21,"column":16}},"2":{"start":{"line":33,"column":0},"end":{"line":33,"column":16}},"3":{"start":{"line":43,"column":0},"end":{"line":43,"column":16}},"4":{"start":{"line":1,"column":0},"end":{"line":1,"column":67}},"5":{"start":{"line":3,"column":13},"end":{"line":3,"column":null}},"6":{"start":{"line":4,"column":13},"end":{"line":4,"column":null}},"7":{"start":{"line":8,"column":22},"end":{"line":8,"column":24}},"8":{"start":{"line":10,"column":4},"end":{"line":16,"column":5}},"9":{"start":{"line":11,"column":8},"end":{"line":13,"column":9}},"10":{"start":{"line":12,"column":12},"end":{"line":12,"column":null}},"11":{"start":{"line":15,"column":8},"end":{"line":15,"column":null}},"12":{"start":{"line":18,"column":4},"end":{"line":18,"column":null}},"13":{"start":{"line":22,"column":22},"end":{"line":22,"column":60}},"14":{"start":{"line":24,"column":26},"end":{"line":24,"column":28}},"15":{"start":{"line":26,"column":4},"end":{"line":28,"column":5}},"16":{"start":{"line":26,"column":16},"end":{"line":26,"column":17}},"17":{"start":{"line":27,"column":8},"end":{"line":27,"column":null}},"18":{"start":{"line":30,"column":4},"end":{"line":30,"column":null}},"19":{"start":{"line":34,"column":20},"end":{"line":34,"column":43}},"20":{"start":{"line":36,"column":4},"end":{"line":38,"column":5}},"21":{"start":{"line":37,"column":8},"end":{"line":37,"column":null}},"22":{"start":{"line":40,"column":4},"end":{"line":40,"column":null}},"23":{"start":{"line":44,"column":20},"end":{"line":44,"column":43}},"24":{"start":{"line":46,"column":4},"end":{"line":48,"column":5}},"25":{"start":{"line":47,"column":8},"end":{"line":47,"column":null}},"26":{"start":{"line":50,"column":4},"end":{"line":52,"column":5}},"27":{"start":{"line":51,"column":8},"end":{"line":51,"column":null}},"28":{"start":{"line":54,"column":4},"end":{"line":54,"column":null}}},"fnMap":{"0":{"name":"escapeBytes","decl":{"start":{"line":7,"column":16},"end":{"line":7,"column":27}},"loc":{"start":{"line":7,"column":39},"end":{"line":19,"column":1}}},"1":{"name":"encodeIntBytesAsBytes","decl":{"start":{"line":21,"column":16},"end":{"line":21,"column":37}},"loc":{"start":{"line":21,"column":68},"end":{"line":31,"column":1}}},"2":{"name":"intToFullByteBitString","decl":{"start":{"line":33,"column":16},"end":{"line":33,"column":38}},"loc":{"start":{"line":33,"column":69},"end":{"line":41,"column":1}}},"3":{"name":"intToBitString","decl":{"start":{"line":43,"column":16},"end":{"line":43,"column":30}},"loc":{"start":{"line":43,"column":60},"end":{"line":55,"column":1}}}},"branchMap":{"0":{"loc":{"start":{"line":11,"column":8},"end":{"line":13,"column":9}},"type":"if","locations":[{"start":{"line":11,"column":8},"end":{"line":13,"column":9}}]},"1":{"loc":{"start":{"line":46,"column":4},"end":{"line":48,"column":5}},"type":"if","locations":[{"start":{"line":46,"column":4},"end":{"line":48,"column":5}}]}},"s":{"0":3,"1":3,"2":3,"3":3,"4":3,"5":3,"6":3,"7":1,"8":1,"9":3,"10":1,"11":3,"12":1,"13":3,"14":3,"15":3,"16":3,"17":5,"18":3,"19":7,"20":7,"21":44,"22":7,"23":10,"24":10,"25":0,"26":10,"27":55,"28":10},"f":{"0":1,"1":3,"2":7,"3":10},"b":{"0":[1],"1":[0]}}
,"C:\\Users\\Alexa\\Desktop\\Coding-Projekte\\open-flight-hub\\mode-s-adsb-parser\\src\\util\\typescript.ts": {"path":"C:\\Users\\Alexa\\Desktop\\Coding-Projekte\\open-flight-hub\\mode-s-adsb-parser\\src\\util\\typescript.ts","statementMap":{"0":{"start":{"line":9,"column":0},"end":{"line":9,"column":16}},"1":{"start":{"line":3,"column":13},"end":{"line":3,"column":null}},"2":{"start":{"line":6,"column":13},"end":{"line":6,"column":null}},"3":{"start":{"line":11,"column":16},"end":{"line":11,"column":46}},"4":{"start":{"line":14,"column":4},"end":{"line":14,"column":null}}},"fnMap":{"0":{"name":"addMissingProperties","decl":{"start":{"line":9,"column":16},"end":{"line":9,"column":36}},"loc":{"start":{"line":9,"column":137},"end":{"line":15,"column":1}}}},"branchMap":{},"s":{"0":1,"1":1,"2":1,"3":0,"4":0},"f":{"0":0},"b":{}}
}
