TN:
SF:src\adsb\parse.ts
FN:120,parseADSB
FN:455,convertQuantizedGroundSpeed
FN:507,(anonymous_2)
FN:521,convertIntegerTo
FN:539,parseCallsignBytes
FNF:5
FNH:2
FNDA:1,parseADSB
FNDA:0,convertQuantizedGroundSpeed
FNDA:0,(anonymous_2)
FNDA:1,convertIntegerTo
FNDA:0,parseCallsignBytes
DA:3,1
DA:4,1
DA:5,1
DA:120,1
DA:122,1
DA:124,1
DA:132,1
DA:134,1
DA:137,0
DA:145,0
DA:147,0
DA:153,0
DA:155,1
DA:158,0
DA:182,0
DA:183,0
DA:185,0
DA:187,0
DA:214,0
DA:216,1
DA:219,1
DA:242,1
DA:279,0
DA:282,0
DA:293,0
DA:295,0
DA:297,0
DA:299,0
DA:303,0
DA:306,0
DA:308,0
DA:312,0
DA:316,0
DA:320,0
DA:324,0
DA:328,0
DA:331,0
DA:348,0
DA:350,0
DA:351,0
DA:352,0
DA:354,0
DA:389,0
DA:394,0
DA:410,0
DA:412,0
DA:420,0
DA:422,0
DA:430,0
DA:440,0
DA:445,0
DA:459,0
DA:491,0
DA:497,0
DA:498,0
DA:499,0
DA:500,0
DA:501,0
DA:502,0
DA:503,0
DA:504,0
DA:505,0
DA:507,0
DA:508,0
DA:511,0
DA:512,0
DA:515,0
DA:518,0
DA:522,1
DA:523,0
DA:526,1
DA:528,1
DA:529,1
DA:532,0
DA:542,0
DA:568,0
DA:570,0
DA:571,0
DA:576,0
DA:577,0
DA:580,0
LF:81
LH:16
BRDA:134,0,0,0
BRDA:134,0,1,1
BRDA:134,1,0,1
BRDA:134,1,1,1
BRDA:155,2,0,0
BRDA:155,2,1,1
BRDA:155,3,0,1
BRDA:155,3,1,1
BRDA:193,4,0,0
BRDA:193,4,1,0
BRDA:216,5,0,1
BRDA:216,5,1,0
BRDA:216,6,0,1
BRDA:216,6,1,1
BRDA:216,6,2,0
BRDA:216,6,3,0
BRDA:279,7,0,0
BRDA:279,7,1,0
BRDA:297,8,0,0
BRDA:297,8,1,0
BRDA:316,9,0,0
BRDA:316,9,1,0
BRDA:320,10,0,0
BRDA:320,10,1,0
BRDA:324,11,0,0
BRDA:324,11,1,0
BRDA:328,12,0,0
BRDA:328,12,1,0
BRDA:350,13,0,0
BRDA:350,13,1,0
BRDA:352,14,0,0
BRDA:352,14,1,0
BRDA:410,15,0,0
BRDA:410,15,1,0
BRDA:420,16,0,0
BRDA:440,17,0,0
BRDA:497,18,0,0
BRDA:497,18,1,0
BRDA:499,19,0,0
BRDA:499,19,1,0
BRDA:501,20,0,0
BRDA:501,20,1,0
BRDA:504,21,0,0
BRDA:504,21,1,0
BRDA:508,22,0,0
BRDA:508,22,1,0
BRDA:511,23,0,0
BRDA:522,24,0,0
BRDA:522,25,0,1
BRDA:522,25,1,1
BRDA:522,25,2,1
BRDA:528,26,0,1
BRDA:529,27,0,1
BRDA:529,27,1,0
BRF:54
BRH:14
end_of_record
TN:
SF:src\mode-s\parse.ts
FN:21,parseModeS
FNF:1
FNH:1
FNDA:1,parseModeS
DA:3,1
DA:21,1
DA:25,1
DA:27,1
DA:41,1
DA:51,1
LF:6
LH:6
BRF:0
BRH:0
end_of_record
TN:
SF:src\util\bits_and_bytes.ts
FN:17,parseBitStructure
FN:29,(anonymous_1)
FN:29,(anonymous_2)
FN:29,(anonymous_3)
FN:61,bytesToFullBitString
FN:64,(anonymous_5)
FN:75,byteToShortBitString
FN:83,byteToFullBitString
FN:99,bitStringToUnsignedInteger
FN:123,bitStringToUnsignedIntegerSafe
FN:139,bitStringToUnsignedIntegerSafeRangeFromBits
FN:161,bitStringToUnsignedIntegerSafeRanges
FN:174,bitStringToFullBytes
FNF:13
FNH:13
FNDA:4,parseBitStructure
FNDA:15,(anonymous_1)
FNDA:15,(anonymous_2)
FNDA:9,(anonymous_3)
FNDA:4,bytesToFullBitString
FNDA:19,(anonymous_5)
FNDA:23,byteToShortBitString
FNDA:21,byteToFullBitString
FNDA:40,bitStringToUnsignedInteger
FNDA:3,bitStringToUnsignedIntegerSafe
FNDA:26,bitStringToUnsignedIntegerSafeRangeFromBits
FNDA:30,bitStringToUnsignedIntegerSafeRanges
FNDA:5,bitStringToFullBytes
DA:17,4
DA:19,4
DA:21,4
DA:23,4
DA:24,15
DA:25,0
DA:29,15
DA:31,4
DA:32,0
DA:35,4
DA:36,15
DA:38,15
DA:40,15
DA:41,2
DA:42,0
DA:45,2
DA:48,15
DA:50,15
DA:51,15
DA:54,4
DA:61,4
DA:62,4
DA:64,4
DA:65,19
DA:68,4
DA:75,4
DA:76,23
DA:83,4
DA:84,21
DA:86,21
DA:87,78
DA:90,21
DA:99,4
DA:100,40
DA:101,0
DA:104,40
DA:106,39
DA:108,39
DA:109,39
DA:111,39
DA:113,0
DA:123,4
DA:125,3
DA:127,3
DA:128,1
DA:131,2
DA:139,4
DA:150,26
DA:152,25
DA:161,4
DA:163,30
DA:165,30
DA:166,30
DA:167,28
DA:171,2
DA:174,4
DA:175,5
DA:176,1
DA:179,4
DA:181,4
DA:182,19
DA:185,4
LF:62
LH:57
BRDA:24,0,0,0
BRDA:24,1,0,15
BRDA:24,1,1,15
BRDA:29,2,0,9
BRDA:29,2,1,0
BRDA:31,3,0,0
BRDA:40,4,0,2
BRDA:41,5,0,0
BRDA:100,6,0,0
BRDA:104,7,0,40
BRDA:104,7,1,0
BRDA:108,8,0,39
BRDA:108,8,1,0
BRDA:108,9,0,39
BRDA:108,9,1,39
BRDA:127,10,0,1
BRDA:128,11,0,0
BRDA:128,11,1,1
BRDA:166,12,0,28
BRDA:166,13,0,30
BRDA:166,13,1,29
BRDA:171,14,0,0
BRDA:171,14,1,2
BRDA:175,15,0,1
BRF:24
BRH:15
end_of_record
TN:
SF:src\util\gray_code.ts
FN:3,encodeGrayCode
FN:7,decodeGrayCode
FNF:2
FNH:0
FNDA:0,encodeGrayCode
FNDA:0,decodeGrayCode
DA:3,1
DA:4,0
DA:7,1
DA:8,0
DA:10,0
DA:11,0
DA:14,0
LF:7
LH:2
BRF:0
BRH:0
end_of_record
TN:
SF:src\util\test_helpers.ts
FN:7,escapeBytes
FN:21,encodeIntBytesAsBytes
FN:33,intToFullByteBitString
FN:43,intToBitString
FNF:4
FNH:4
FNDA:1,escapeBytes
FNDA:3,encodeIntBytesAsBytes
FNDA:7,intToFullByteBitString
FNDA:10,intToBitString
DA:1,3
DA:3,3
DA:4,3
DA:7,3
DA:8,1
DA:10,1
DA:11,3
DA:12,1
DA:15,3
DA:18,1
DA:21,3
DA:22,3
DA:24,3
DA:26,3
DA:27,5
DA:30,3
DA:33,3
DA:34,7
DA:36,7
DA:37,44
DA:40,7
DA:43,3
DA:44,10
DA:46,10
DA:47,0
DA:50,10
DA:51,55
DA:54,10
LF:28
LH:27
BRDA:11,0,0,1
BRDA:46,1,0,0
BRF:2
BRH:1
end_of_record
TN:
SF:src\util\typescript.ts
FN:9,addMissingProperties
FNF:1
FNH:0
FNDA:0,addMissingProperties
DA:3,1
DA:6,1
DA:9,1
DA:11,0
DA:14,0
LF:5
LH:3
BRF:0
BRH:0
end_of_record
